<?xml version="1.0" encoding="UTF-8"?>
<testsuite xmlns:xsi="http://www.w3.org/2001/XMLSchema-instance" xsi:noNamespaceSchemaLocation="https://maven.apache.org/surefire/maven-surefire-plugin/xsd/surefire-test-report-3.0.xsd" version="3.0" name="OnceUponATimeTest" time="0.144" tests="2" errors="0" skipped="0" failures="0">
  <properties>
    <property name="java.specification.version" value="24"/>
    <property name="sun.jnu.encoding" value="UTF-8"/>
    <property name="java.class.path" value="/home/hieule/java-learning/mooc/part1/Part01_03.OnceUponATime/target/test-classes:/home/hieule/java-learning/mooc/part1/Part01_03.OnceUponATime/target/classes:/home/hieule/.m2/repository/junit/junit/4.12/junit-4.12.jar:/home/hieule/.m2/repository/org/hamcrest/hamcrest-core/1.3/hamcrest-core-1.3.jar:/home/hieule/.m2/repository/fi/helsinki/cs/tmc/edu-test-utils/0.4.2/edu-test-utils-0.4.2.jar:"/>
    <property name="java.vm.vendor" value="GraalVM Community"/>
    <property name="sun.arch.data.model" value="64"/>
    <property name="java.vendor.url" value="https://www.graalvm.org/"/>
    <property name="os.name" value="Linux"/>
    <property name="java.vm.specification.version" value="24"/>
    <property name="sun.java.launcher" value="SUN_STANDARD"/>
    <property name="sun.boot.library.path" value="/home/hieule/.sdkman/candidates/java/24.0.2-graalce/lib"/>
    <property name="sun.java.command" value="/home/hieule/java-learning/mooc/part1/Part01_03.OnceUponATime/target/surefire/surefirebooter-20250826120811306_3.jar /home/hieule/java-learning/mooc/part1/Part01_03.OnceUponATime/target/surefire 2025-08-26T12-08-11_191-jvmRun1 surefire-20250826120811306_1tmp surefire_0-20250826120811306_2tmp"/>
    <property name="jdk.debug" value="release"/>
    <property name="surefire.test.class.path" value="/home/hieule/java-learning/mooc/part1/Part01_03.OnceUponATime/target/test-classes:/home/hieule/java-learning/mooc/part1/Part01_03.OnceUponATime/target/classes:/home/hieule/.m2/repository/junit/junit/4.12/junit-4.12.jar:/home/hieule/.m2/repository/org/hamcrest/hamcrest-core/1.3/hamcrest-core-1.3.jar:/home/hieule/.m2/repository/fi/helsinki/cs/tmc/edu-test-utils/0.4.2/edu-test-utils-0.4.2.jar:"/>
    <property name="sun.cpu.endian" value="little"/>
    <property name="user.home" value="/home/hieule"/>
    <property name="user.language" value="en"/>
    <property name="java.specification.vendor" value="Oracle Corporation"/>
    <property name="java.version.date" value="2025-07-15"/>
    <property name="java.home" value="/home/hieule/.sdkman/candidates/java/24.0.2-graalce"/>
    <property name="file.separator" value="/"/>
    <property name="basedir" value="/home/hieule/java-learning/mooc/part1/Part01_03.OnceUponATime"/>
    <property name="java.vm.compressedOopsMode" value="Zero based"/>
    <property name="jdk.internal.vm.ci.enabled" value="true"/>
    <property name="line.separator" value="&#10;"/>
    <property name="java.specification.name" value="Java Platform API Specification"/>
    <property name="java.vm.specification.vendor" value="Oracle Corporation"/>
    <property name="surefire.real.class.path" value="/home/hieule/java-learning/mooc/part1/Part01_03.OnceUponATime/target/surefire/surefirebooter-20250826120811306_3.jar"/>
    <property name="sun.management.compiler" value="HotSpot 64-Bit Tiered Compilers"/>
    <property name="java.runtime.version" value="24.0.2+11-jvmci-b01"/>
    <property name="user.name" value="hieule"/>
    <property name="stdout.encoding" value="UTF-8"/>
    <property name="path.separator" value=":"/>
    <property name="os.version" value="5.15.167.4-microsoft-standard-WSL2"/>
    <property name="java.runtime.name" value="OpenJDK Runtime Environment"/>
    <property name="file.encoding" value="UTF-8"/>
    <property name="java.vm.name" value="OpenJDK 64-Bit Server VM"/>
    <property name="java.vendor.version" value="GraalVM CE 24.0.2+11.1"/>
    <property name="localRepository" value="/home/hieule/.m2/repository"/>
    <property name="java.vendor.url.bug" value="https://github.com/oracle/graal/issues"/>
    <property name="java.io.tmpdir" value="/tmp"/>
    <property name="java.version" value="24.0.2"/>
    <property name="user.dir" value="/home/hieule/java-learning/mooc/part1/Part01_03.OnceUponATime"/>
    <property name="os.arch" value="amd64"/>
    <property name="java.vm.specification.name" value="Java Virtual Machine Specification"/>
    <property name="native.encoding" value="UTF-8"/>
    <property name="java.library.path" value="/usr/java/packages/lib:/usr/lib64:/lib64:/lib:/usr/lib"/>
    <property name="java.vm.info" value="mixed mode, sharing"/>
    <property name="stderr.encoding" value="UTF-8"/>
    <property name="java.vendor" value="GraalVM Community"/>
    <property name="java.vm.version" value="24.0.2+11-jvmci-b01"/>
    <property name="sun.io.unicode.encoding" value="UnicodeLittle"/>
    <property name="java.class.version" value="68.0"/>
  </properties>
  <testcase name="correctOutput" classname="OnceUponATimeTest" time="0.006"/>
  <testcase name="numberOfSystemOutPrintlnCommands" classname="OnceUponATimeTest" time="0.003"/>
</testsuite>